PBS: qsub is running on ui-studenti.scope.unina.it
PBS: originating queue is studenti
PBS: executing queue is studenti
PBS: working directory is /homes/DMA/PDC/2020/RSSGPP98D/elaborato1
PBS: execution mode is PBS_BATCH
PBS: job identifier is 3961535.torque02.scope.unina.it
PBS: job name is elaborato1
PBS: node file is /var/spool/pbs/aux//3961535.torque02.scope.unina.it
PBS: current home directory is /homes/DMA/PDC/2020/RSSGPP98D
PBS: PATH = /usr/lib64/openmpi/1.2.7-gcc/bin:/usr/kerberos/bin:/opt/exp_soft/unina.it/intel/composer_xe_2013_sp1.3.174/bin/intel64:/opt/exp_soft/unina.it/intel/composer_xe_2013_sp1.3.174/mpirt/bin/intel64:/opt/exp_soft/unina.it/intel/composer_xe_2013_sp1.3.174/bin/intel64:/opt/exp_soft/unina.it/intel/composer_xe_2013_sp1.3.174/bin/intel64_mic:/opt/exp_soft/unina.it/intel/composer_xe_2013_sp1.3.174/debugger/gui/intel64:/opt/d-cache/srm/bin:/opt/d-cache/dcap/bin:/opt/edg/bin:/opt/glite/bin:/opt/globus/bin:/opt/lcg/bin:/usr/local/bin:/bin:/usr/bin:/opt/exp_soft/HADOOP/hadoop-1.0.3/bin:/opt/exp_soft/unina.it/intel/composerxe/bin/intel64/:/opt/exp_soft/unina.it/MPJExpress/mpj-v0_38/bin:/homes/DMA/PDC/2020/RSSGPP98D/bin
------------------------------------------
Job reserved on node(s):
wn280.scope.unina.it
wn280.scope.unina.it
wn280.scope.unina.it
wn280.scope.unina.it
wn280.scope.unina.it
wn280.scope.unina.it
wn280.scope.unina.it
wn280.scope.unina.it
wn279.scope.unina.it
wn279.scope.unina.it
wn279.scope.unina.it
wn279.scope.unina.it
wn279.scope.unina.it
wn279.scope.unina.it
wn279.scope.unina.it
wn279.scope.unina.it
wn278.scope.unina.it
wn278.scope.unina.it
wn278.scope.unina.it
wn278.scope.unina.it
wn278.scope.unina.it
wn278.scope.unina.it
wn278.scope.unina.it
wn278.scope.unina.it
wn277.scope.unina.it
wn277.scope.unina.it
wn277.scope.unina.it
wn277.scope.unina.it
wn277.scope.unina.it
wn277.scope.unina.it
wn277.scope.unina.it
wn277.scope.unina.it
wn276.scope.unina.it
wn276.scope.unina.it
wn276.scope.unina.it
wn276.scope.unina.it
wn276.scope.unina.it
wn276.scope.unina.it
wn276.scope.unina.it
wn276.scope.unina.it
wn275.scope.unina.it
wn275.scope.unina.it
wn275.scope.unina.it
wn275.scope.unina.it
wn275.scope.unina.it
wn275.scope.unina.it
wn275.scope.unina.it
wn275.scope.unina.it
wn274.scope.unina.it
wn274.scope.unina.it
wn274.scope.unina.it
wn274.scope.unina.it
wn274.scope.unina.it
wn274.scope.unina.it
wn274.scope.unina.it
wn274.scope.unina.it
wn273.scope.unina.it
wn273.scope.unina.it
wn273.scope.unina.it
wn273.scope.unina.it
wn273.scope.unina.it
wn273.scope.unina.it
wn273.scope.unina.it
wn273.scope.unina.it
------------------------------------------
------------------------------------------
This job is allocated on 8 cpu(s)
wn273.scope.unina.it
wn274.scope.unina.it
wn275.scope.unina.it
wn276.scope.unina.it
wn277.scope.unina.it
wn278.scope.unina.it
wn279.scope.unina.it
wn280.scope.unina.it
------------------------------------------
------------------------------------------
Eseguo /usr/lib64/openmpi/1.4-gcc/bin/mpicc -o /homes/DMA/PDC/2020/RSSGPP98D/elaborato1/elaborato1 /homes/DMA/PDC/2020/RSSGPP98D/elaborato1/elaborato1.c
Eseguo:/usr/lib64/openmpi/1.4-gcc/bin/mpiexec -machinefile hostlist -np 8 /homes/DMA/PDC/2020/RSSGPP98D/elaborato1/elaborato1
Ho eseguito la seconda strategia.
Ho eseguito la seconda strategia.
Ho eseguito la seconda strategia.
Ho eseguito la seconda strategia.
Ho eseguito la seconda strategia.
Ho eseguito la seconda strategia.
Ho eseguito la seconda strategia.
Ho eseguito la seconda strategia.
Sono il processore [7] - la somma e' : -3955439.00 - ho impiegato 0.000608 secondi
Sono il processore [1] - la somma e' : -8355502.85 - ho impiegato 0.000606 secondi
Sono il processore [5] - la somma e' : -7302753.21 - ho impiegato 0.000608 secondi
Sono il processore [3] - la somma e' : -8355502.85 - ho impiegato 0.000604 secondi
Sono il processore [2] - la somma e' : -25066508.54 - ho impiegato 0.000609 secondi
Sono il processore [6] - la somma e' : -15213631.22 - ho impiegato 0.000656 secondi
Sono il processore [4] - la somma e' : -37387074.28 - ho impiegato 0.000673 secondi
Sono il processore [0] - la somma totale e' -55699440.41 - il tempo totale e' 0.000673 secondi
