Job is running on node(s):
wn280.scope.unina.it
wn280.scope.unina.it
wn280.scope.unina.it
wn280.scope.unina.it
wn280.scope.unina.it
wn280.scope.unina.it
wn280.scope.unina.it
wn280.scope.unina.it
------------------------------------------------------
PBS: qsub is running on ui-studenti.scope.unina.it
PBS: originating queue is studenti
PBS: executing queue is studenti
PBS: working directory is /homes/DMA/PDC/2020/RSSGPP98D/elaborato2
PBS: execution mode is PBS_BATCH
PBS: job identifier is 3969695.torque02.scope.unina.it
PBS: job name is elaborato2
PBS: node file is /var/spool/pbs/aux//3969695.torque02.scope.unina.it
PBS: current home directory is /homes/DMA/PDC/2020/RSSGPP98D
PBS: PATH = /usr/lib64/openmpi/1.2.7-gcc/bin:/usr/kerberos/bin:/opt/exp_soft/unina.it/intel/composer_xe_2013_sp1.3.174/bin/intel64:/opt/exp_soft/unina.it/intel/composer_xe_2013_sp1.3.174/mpirt/bin/intel64:/opt/exp_soft/unina.it/intel/composer_xe_2013_sp1.3.174/bin/intel64:/opt/exp_soft/unina.it/intel/composer_xe_2013_sp1.3.174/bin/intel64_mic:/opt/exp_soft/unina.it/intel/composer_xe_2013_sp1.3.174/debugger/gui/intel64:/opt/d-cache/srm/bin:/opt/d-cache/dcap/bin:/opt/edg/bin:/opt/glite/bin:/opt/globus/bin:/opt/lcg/bin:/usr/local/bin:/bin:/usr/bin:/opt/exp_soft/HADOOP/hadoop-1.0.3/bin:/opt/exp_soft/unina.it/intel/composerxe/bin/intel64/:/opt/exp_soft/unina.it/MPJExpress/mpj-v0_38/bin:/homes/DMA/PDC/2020/RSSGPP98D/bin
------------------------------------------------------
Compilo…
Eseguo...
MATRICE
[33][36][27][15][43][35][36]
[42][49][21][12][27][40][9]
[13][26][40][26][22][36][11]
[18][17][29][32][30][12][23]
[17][35][29][2][22][8][19]
VETTORE
[17][43][6][11][42][29][23]
TEMPO IMPIEGATO: 3.136873e-03 
VETTORE RISULTANTE
[6085][5580][4086][3700][3583]
